# JRE version: OpenJDK Runtime Environment (11.0.13) (build 11.0.13+0-b1751.21-8125866)
# Java VM: OpenJDK 64-Bit Server VM (11.0.13+0-b1751.21-8125866, mixed mode, tiered, compressed oops, g1 gc, windows-amd64)
Heap:
 garbage-first heap   total 325632K, used 202174K [0x0000000080000000, 0x0000000100000000)
  region size 1024K, 83 young (84992K), 4 survivors (4096K)
 Metaspace       used 133766K, capacity 138515K, committed 139296K, reserved 1169408K
  class space    used 16024K, capacity 17763K, committed 18512K, reserved 1048576K
GC Heap History (20 events):
Event: 10191.905 GC heap before
{Heap before GC invocations=228 (full 0):
 garbage-first heap   total 325632K, used 234496K [0x0000000080000000, 0x0000000100000000)
  region size 1024K, 105 young (107520K), 2 survivors (2048K)
 Metaspace       used 133679K, capacity 138434K, committed 139296K, reserved 1169408K
  class space    used 16024K, capacity 17762K, committed 18512K, reserved 1048576K
}
Event: 10191.916 GC heap after
{Heap after GC invocations=229 (full 0):
 garbage-first heap   total 325632K, used 139010K [0x0000000080000000, 0x0000000100000000)
  region size 1024K, 12 young (12288K), 12 survivors (12288K)
 Metaspace       used 133679K, capacity 138434K, committed 139296K, reserved 1169408K
  class space    used 16024K, capacity 17762K, committed 18512K, reserved 1048576K
}
Event: 10192.137 GC heap before
{Heap before GC invocations=230 (full 0):
 garbage-first heap   total 325632K, used 239362K [0x0000000080000000, 0x0000000100000000)
  region size 1024K, 113 young (115712K), 12 survivors (12288K)
 Metaspace       used 133722K, capacity 138504K, committed 139296K, reserved 1169408K
  class space    used 16024K, capacity 17762K, committed 18512K, reserved 1048576K
}
Event: 10192.146 GC heap after
{Heap after GC invocations=231 (full 0):
 garbage-first heap   total 325632K, used 139681K [0x0000000080000000, 0x0000000100000000)
  region size 1024K, 7 young (7168K), 7 survivors (7168K)
 Metaspace       used 133722K, capacity 138504K, committed 139296K, reserved 1169408K
  class space    used 16024K, capacity 17762K, committed 18512K, reserved 1048576K
}
Event: 10192.156 GC heap before
{Heap before GC invocations=231 (full 0):
 garbage-first heap   total 325632K, used 146849K [0x0000000080000000, 0x0000000100000000)
  region size 1024K, 15 young (15360K), 7 survivors (7168K)
 Metaspace       used 133724K, capacity 138505K, committed 139296K, reserved 1169408K
  class space    used 16024K, capacity 17762K, committed 18512K, reserved 1048576K
}
Event: 10192.176 GC heap after
{Heap after GC invocations=232 (full 0):
 garbage-first heap   total 325632K, used 122203K [0x0000000080000000, 0x0000000100000000)
  region size 1024K, 2 young (2048K), 2 survivors (2048K)
 Metaspace       used 133724K, capacity 138505K, committed 139296K, reserved 1169408K
  class space    used 16024K, capacity 17762K, committed 18512K, reserved 1048576K
}
Event: 10192.225 GC heap before
{Heap before GC invocations=232 (full 0):
 garbage-first heap   total 325632K, used 129371K [0x0000000080000000, 0x0000000100000000)
  region size 1024K, 11 young (11264K), 2 survivors (2048K)
 Metaspace       used 133727K, capacity 138508K, committed 139296K, reserved 1169408K
  class space    used 16024K, capacity 17762K, committed 18512K, reserved 1048576K
}
Event: 10192.231 GC heap after
{Heap after GC invocations=233 (full 0):
 garbage-first heap   total 325632K, used 123258K [0x0000000080000000, 0x0000000100000000)
  region size 1024K, 3 young (3072K), 3 survivors (3072K)
 Metaspace       used 133727K, capacity 138508K, committed 139296K, reserved 1169408K
  class space    used 16024K, capacity 17762K, committed 18512K, reserved 1048576K
}
Event: 10341.351 GC heap before
{Heap before GC invocations=234 (full 0):
 garbage-first heap   total 325632K, used 271738K [0x0000000080000000, 0x0000000100000000)
  region size 1024K, 104 young (106496K), 3 survivors (3072K)
 Metaspace       used 133745K, capacity 138515K, committed 139296K, reserved 1169408K
  class space    used 16024K, capacity 17763K, committed 18512K, reserved 1048576K
}
Event: 10341.364 GC heap after
{Heap after GC invocations=235 (full 0):
 garbage-first heap   total 325632K, used 141479K [0x0000000080000000, 0x0000000100000000)
  region size 1024K, 13 young (13312K), 13 survivors (13312K)
 Metaspace       used 133745K, capacity 138515K, committed 139296K, reserved 1169408K
  class space    used 16024K, capacity 17763K, committed 18512K, reserved 1048576K
}
Event: 10341.368 GC heap before
{Heap before GC invocations=235 (full 0):
 garbage-first heap   total 325632K, used 143527K [0x0000000080000000, 0x0000000100000000)
  region size 1024K, 15 young (15360K), 13 survivors (13312K)
 Metaspace       used 133745K, capacity 138515K, committed 139296K, reserved 1169408K
  class space    used 16024K, capacity 17763K, committed 18512K, reserved 1048576K
}
Event: 10341.380 GC heap after
{Heap after GC invocations=236 (full 0):
 garbage-first heap   total 325632K, used 128991K [0x0000000080000000, 0x0000000100000000)
  region size 1024K, 2 young (2048K), 2 survivors (2048K)
 Metaspace       used 133745K, capacity 138515K, committed 139296K, reserved 1169408K
  class space    used 16024K, capacity 17763K, committed 18512K, reserved 1048576K
}
Event: 10341.393 GC heap before
{Heap before GC invocations=236 (full 0):
 garbage-first heap   total 325632K, used 132063K [0x0000000080000000, 0x0000000100000000)
  region size 1024K, 7 young (7168K), 2 survivors (2048K)
 Metaspace       used 133745K, capacity 138515K, committed 139296K, reserved 1169408K
  class space    used 16024K, capacity 17763K, committed 18512K, reserved 1048576K
}
Event: 10341.401 GC heap after
{Heap after GC invocations=237 (full 0):
 garbage-first heap   total 325632K, used 132757K [0x0000000080000000, 0x0000000100000000)
  region size 1024K, 6 young (6144K), 6 survivors (6144K)
 Metaspace       used 133745K, capacity 138515K, committed 139296K, reserved 1169408K
  class space    used 16024K, capacity 17763K, committed 18512K, reserved 1048576K
}
Event: 10342.966 GC heap before
{Heap before GC invocations=238 (full 0):
 garbage-first heap   total 325632K, used 220821K [0x0000000080000000, 0x0000000100000000)
  region size 1024K, 78 young (79872K), 6 survivors (6144K)
 Metaspace       used 133766K, capacity 138515K, committed 139296K, reserved 1169408K
  class space    used 16024K, capacity 17763K, committed 18512K, reserved 1048576K
}
Event: 10342.972 GC heap after
{Heap after GC invocations=239 (full 0):
 garbage-first heap   total 325632K, used 135258K [0x0000000080000000, 0x0000000100000000)
  region size 1024K, 8 young (8192K), 8 survivors (8192K)
 Metaspace       used 133766K, capacity 138515K, committed 139296K, reserved 1169408K
  class space    used 16024K, capacity 17763K, committed 18512K, reserved 1048576K
}
Event: 10342.983 GC heap before
{Heap before GC invocations=239 (full 0):
 garbage-first heap   total 325632K, used 141402K [0x0000000080000000, 0x0000000100000000)
  region size 1024K, 15 young (15360K), 8 survivors (8192K)
 Metaspace       used 133766K, capacity 138515K, committed 139296K, reserved 1169408K
  class space    used 16024K, capacity 17763K, committed 18512K, reserved 1048576K
}
Event: 10342.990 GC heap after
{Heap after GC invocations=240 (full 0):
 garbage-first heap   total 325632K, used 122532K [0x0000000080000000, 0x0000000100000000)
  region size 1024K, 1 young (1024K), 1 survivors (1024K)
 Metaspace       used 133766K, capacity 138515K, committed 139296K, reserved 1169408K
  class space    used 16024K, capacity 17763K, committed 18512K, reserved 1048576K
}
Event: 10343.139 GC heap before
{Heap before GC invocations=240 (full 0):
 garbage-first heap   total 325632K, used 138916K [0x0000000080000000, 0x0000000100000000)
  region size 1024K, 18 young (18432K), 1 survivors (1024K)
 Metaspace       used 133766K, capacity 138515K, committed 139296K, reserved 1169408K
  class space    used 16024K, capacity 17763K, committed 18512K, reserved 1048576K
}
Event: 10343.149 GC heap after
{Heap after GC invocations=241 (full 0):
 garbage-first heap   total 325632K, used 125374K [0x0000000080000000, 0x0000000100000000)
  region size 1024K, 4 young (4096K), 4 survivors (4096K)
 Metaspace       used 133766K, capacity 138515K, committed 139296K, reserved 1169408K
  class space    used 16024K, capacity 17763K, committed 18512K, reserved 1048576K
}

